<?xml version="1.0" encoding="UTF-8"?>
<!-- Generated by org.testng.reporters.JUnitXMLReporter -->
<testsuite hostname="tflaptop-40-PC" name="Default test" tests="5" failures="0" timestamp="16 Jul 2015 14:54:12 GMT" time="49.803" errors="0">
  <testcase name="test_Employment_Location" time="45.792" classname="com.twelvetwenty.suite.aba_reports.Employment_Location"/>
  <testcase name="test_Employment_Location" time="0.058" classname="com.twelvetwenty.suite.aba_reports.Employment_Location">
    <skipped/>
  </testcase> <!-- test_Employment_Location -->
  <testcase name="test_Employment_Location" time="0.045" classname="com.twelvetwenty.suite.aba_reports.Employment_Location">
    <skipped/>
  </testcase> <!-- test_Employment_Location -->
  <testcase name="test_Employment_Location" time="1.048" classname="com.twelvetwenty.suite.aba_reports.Employment_Location">
    <skipped/>
  </testcase> <!-- test_Employment_Location -->
  <testcase name="test_Employment_Location" time="1.035" classname="com.twelvetwenty.suite.aba_reports.Employment_Location">
    <skipped/>
  </testcase> <!-- test_Employment_Location -->
</testsuite> <!-- Default test -->
