<?xml version="1.0" encoding="UTF-8"?>
<!-- Generated by org.testng.reporters.JUnitXMLReporter -->
<testsuite hostname="tflaptop-40-PC" name="NACE_Reports" tests="70" failures="2" timestamp="11 Jun 2015 18:10:59 GMT" time="9583.155" errors="0">
  <testcase name="test_Continuing_Education on [Continuing_Education passed=0 failed=0 skipped=0]" time="83.032" classname="com.twelvetwenty.suite.nace_reports.Continuing_Education"/>
  <testcase name="test_Continuing_Education on [Continuing_Education passed=0 failed=0 skipped=0]" time="61.852" classname="com.twelvetwenty.suite.nace_reports.Continuing_Education"/>
  <testcase name="test_Continuing_Education on [Continuing_Education passed=0 failed=0 skipped=0]" time="62.675" classname="com.twelvetwenty.suite.nace_reports.Continuing_Education"/>
  <testcase name="test_Continuing_Education on [Continuing_Education passed=0 failed=0 skipped=0]" time="60.087" classname="com.twelvetwenty.suite.nace_reports.Continuing_Education"/>
  <testcase name="test_Continuing_Education on [Continuing_Education passed=0 failed=0 skipped=0]" time="80.125" classname="com.twelvetwenty.suite.nace_reports.Continuing_Education"/>
  <testcase name="test_Continuing_Education on [Continuing_Education passed=0 failed=0 skipped=0]" time="77.255" classname="com.twelvetwenty.suite.nace_reports.Continuing_Education"/>
  <testcase name="test_Continuing_Education on [Continuing_Education passed=0 failed=0 skipped=0]" time="81.915" classname="com.twelvetwenty.suite.nace_reports.Continuing_Education"/>
  <testcase name="test_Continuing_Education on [Continuing_Education passed=0 failed=0 skipped=0]" time="75.363" classname="com.twelvetwenty.suite.nace_reports.Continuing_Education"/>
  <testcase name="test_Continuing_Education on [Continuing_Education passed=0 failed=0 skipped=0]" time="115.83" classname="com.twelvetwenty.suite.nace_reports.Continuing_Education"/>
  <testcase name="test_Continuing_Education on [Continuing_Education passed=0 failed=0 skipped=0]" time="113.199" classname="com.twelvetwenty.suite.nace_reports.Continuing_Education"/>
  <testcase name="test_Full_Time_Employment on [Full_Time_Employment passed=0 failed=0 skipped=0]" time="170.272" classname="com.twelvetwenty.suite.nace_reports.Full_Time_Employment"/>
  <testcase name="test_Full_Time_Employment on [Full_Time_Employment passed=0 failed=0 skipped=0]" time="83.272" classname="com.twelvetwenty.suite.nace_reports.Full_Time_Employment"/>
  <testcase name="test_Full_Time_Employment on [Full_Time_Employment passed=0 failed=0 skipped=0]" time="83.965" classname="com.twelvetwenty.suite.nace_reports.Full_Time_Employment"/>
  <testcase name="test_Full_Time_Employment on [Full_Time_Employment passed=0 failed=0 skipped=0]" time="86.379" classname="com.twelvetwenty.suite.nace_reports.Full_Time_Employment"/>
  <testcase name="test_Full_Time_Employment on [Full_Time_Employment passed=0 failed=0 skipped=0]" time="168.884" classname="com.twelvetwenty.suite.nace_reports.Full_Time_Employment"/>
  <testcase name="test_Full_Time_Employment on [Full_Time_Employment passed=0 failed=0 skipped=0]" time="170.832" classname="com.twelvetwenty.suite.nace_reports.Full_Time_Employment"/>
  <testcase name="test_Full_Time_Employment on [Full_Time_Employment passed=0 failed=0 skipped=0]" time="167.864" classname="com.twelvetwenty.suite.nace_reports.Full_Time_Employment"/>
  <testcase name="test_Full_Time_Employment on [Full_Time_Employment passed=0 failed=0 skipped=0]" time="196.73" classname="com.twelvetwenty.suite.nace_reports.Full_Time_Employment"/>
  <testcase name="test_Full_Time_Employment on [Full_Time_Employment passed=0 failed=0 skipped=0]" time="464.675" classname="com.twelvetwenty.suite.nace_reports.Full_Time_Employment"/>
  <testcase name="test_Full_Time_Employment on [Full_Time_Employment passed=0 failed=0 skipped=0]" time="431.295" classname="com.twelvetwenty.suite.nace_reports.Full_Time_Employment"/>
  <testcase name="test_Military_Service on [Military_Service passed=0 failed=0 skipped=0]" time="111.76" classname="com.twelvetwenty.suite.nace_reports.Military_Service"/>
  <testcase name="test_Military_Service on [Military_Service passed=0 failed=0 skipped=0]" time="0.103" classname="com.twelvetwenty.suite.nace_reports.Military_Service">
    <skipped/>
  </testcase> <!-- test_Military_Service on [Military_Service passed=0 failed=0 skipped=0] -->
  <testcase name="test_Military_Service on [Military_Service passed=0 failed=0 skipped=0]" time="1.044" classname="com.twelvetwenty.suite.nace_reports.Military_Service">
    <skipped/>
  </testcase> <!-- test_Military_Service on [Military_Service passed=0 failed=0 skipped=0] -->
  <testcase name="test_Military_Service on [Military_Service passed=0 failed=0 skipped=0]" time="1.04" classname="com.twelvetwenty.suite.nace_reports.Military_Service">
    <skipped/>
  </testcase> <!-- test_Military_Service on [Military_Service passed=0 failed=0 skipped=0] -->
  <testcase name="test_Military_Service on [Military_Service passed=0 failed=0 skipped=0]" time="1.061" classname="com.twelvetwenty.suite.nace_reports.Military_Service">
    <skipped/>
  </testcase> <!-- test_Military_Service on [Military_Service passed=0 failed=0 skipped=0] -->
  <testcase name="test_Military_Service on [Military_Service passed=0 failed=0 skipped=0]" time="1.042" classname="com.twelvetwenty.suite.nace_reports.Military_Service">
    <skipped/>
  </testcase> <!-- test_Military_Service on [Military_Service passed=0 failed=0 skipped=0] -->
  <testcase name="test_Military_Service on [Military_Service passed=0 failed=0 skipped=0]" time="1.049" classname="com.twelvetwenty.suite.nace_reports.Military_Service">
    <skipped/>
  </testcase> <!-- test_Military_Service on [Military_Service passed=0 failed=0 skipped=0] -->
  <testcase name="test_Military_Service on [Military_Service passed=0 failed=0 skipped=0]" time="1.035" classname="com.twelvetwenty.suite.nace_reports.Military_Service">
    <skipped/>
  </testcase> <!-- test_Military_Service on [Military_Service passed=0 failed=0 skipped=0] -->
  <testcase name="test_Military_Service on [Military_Service passed=0 failed=0 skipped=0]" time="107.987" classname="com.twelvetwenty.suite.nace_reports.Military_Service"/>
  <testcase name="test_Military_Service on [Military_Service passed=0 failed=0 skipped=0]" time="1.055" classname="com.twelvetwenty.suite.nace_reports.Military_Service">
    <skipped/>
  </testcase> <!-- test_Military_Service on [Military_Service passed=0 failed=0 skipped=0] -->
  <testcase name="test_Part_Time_Employment on [Part_Time_Employment passed=0 failed=0 skipped=0]" time="175.866" classname="com.twelvetwenty.suite.nace_reports.Part_Time_Employment"/>
  <testcase name="test_Part_Time_Employment on [Part_Time_Employment passed=0 failed=0 skipped=0]" time="92.099" classname="com.twelvetwenty.suite.nace_reports.Part_Time_Employment"/>
  <testcase name="test_Part_Time_Employment on [Part_Time_Employment passed=0 failed=0 skipped=0]" time="90.375" classname="com.twelvetwenty.suite.nace_reports.Part_Time_Employment"/>
  <testcase name="test_Part_Time_Employment on [Part_Time_Employment passed=0 failed=0 skipped=0]" time="87.266" classname="com.twelvetwenty.suite.nace_reports.Part_Time_Employment"/>
  <testcase name="test_Part_Time_Employment on [Part_Time_Employment passed=0 failed=0 skipped=0]" time="186.293" classname="com.twelvetwenty.suite.nace_reports.Part_Time_Employment"/>
  <testcase name="test_Part_Time_Employment on [Part_Time_Employment passed=0 failed=0 skipped=0]" time="195.387" classname="com.twelvetwenty.suite.nace_reports.Part_Time_Employment"/>
  <testcase name="test_Part_Time_Employment on [Part_Time_Employment passed=0 failed=0 skipped=0]" time="180.963" classname="com.twelvetwenty.suite.nace_reports.Part_Time_Employment"/>
  <testcase name="test_Part_Time_Employment on [Part_Time_Employment passed=0 failed=0 skipped=0]" time="185.132" classname="com.twelvetwenty.suite.nace_reports.Part_Time_Employment"/>
  <testcase name="test_Part_Time_Employment on [Part_Time_Employment passed=0 failed=0 skipped=0]" time="488.782" classname="com.twelvetwenty.suite.nace_reports.Part_Time_Employment"/>
  <testcase name="test_Part_Time_Employment on [Part_Time_Employment passed=0 failed=0 skipped=0]" time="461.163" classname="com.twelvetwenty.suite.nace_reports.Part_Time_Employment"/>
  <testcase name="test_Seeking_or_Unreported on [Seeking_or_Unreported passed=0 failed=0 skipped=0]" time="103.148" classname="com.twelvetwenty.suite.nace_reports.Seeking_or_Unreported"/>
  <testcase name="test_Seeking_or_Unreported on [Seeking_or_Unreported passed=0 failed=0 skipped=0]" time="69.32" classname="com.twelvetwenty.suite.nace_reports.Seeking_or_Unreported"/>
  <testcase name="test_Seeking_or_Unreported on [Seeking_or_Unreported passed=0 failed=0 skipped=0]" time="90.639" classname="com.twelvetwenty.suite.nace_reports.Seeking_or_Unreported"/>
  <testcase name="test_Seeking_or_Unreported on [Seeking_or_Unreported passed=0 failed=0 skipped=0]" time="78.742" classname="com.twelvetwenty.suite.nace_reports.Seeking_or_Unreported"/>
  <testcase name="test_Seeking_or_Unreported on [Seeking_or_Unreported passed=0 failed=0 skipped=0]" time="97.874" classname="com.twelvetwenty.suite.nace_reports.Seeking_or_Unreported"/>
  <testcase name="test_Seeking_or_Unreported on [Seeking_or_Unreported passed=0 failed=0 skipped=0]" time="114.955" classname="com.twelvetwenty.suite.nace_reports.Seeking_or_Unreported"/>
  <testcase name="test_Seeking_or_Unreported on [Seeking_or_Unreported passed=0 failed=0 skipped=0]" time="104.736" classname="com.twelvetwenty.suite.nace_reports.Seeking_or_Unreported"/>
  <testcase name="test_Seeking_or_Unreported on [Seeking_or_Unreported passed=0 failed=0 skipped=0]" time="104.361" classname="com.twelvetwenty.suite.nace_reports.Seeking_or_Unreported"/>
  <testcase name="test_Seeking_or_Unreported on [Seeking_or_Unreported passed=0 failed=0 skipped=0]" time="189.933" classname="com.twelvetwenty.suite.nace_reports.Seeking_or_Unreported"/>
  <testcase name="test_Seeking_or_Unreported on [Seeking_or_Unreported passed=0 failed=0 skipped=0]" time="178.309" classname="com.twelvetwenty.suite.nace_reports.Seeking_or_Unreported"/>
  <testcase name="test_Service_Organization on [Service_Organization passed=0 failed=0 skipped=0]" time="105.213" classname="com.twelvetwenty.suite.nace_reports.Service_Organization"/>
  <testcase name="test_Service_Organization on [Service_Organization passed=0 failed=0 skipped=0]" time="82.241" classname="com.twelvetwenty.suite.nace_reports.Service_Organization">
    <failure type="java.lang.AssertionError" message="java.lang.AssertionError: expected [Bachelor&amp;apos;s] but found [Total]java.lang.AssertionError: Error while executing mT1_TH1_TCN_ReadXLSX keyword nulljava.lang.AssertionError: Fail ________ Error while executing mT1_TH1_TCN_ReadXLSX keyword null">
      <![CDATA[java.lang.AssertionError: java.lang.AssertionError: expected [Bachelor's] but found [Total]java.lang.AssertionError: Error while executing mT1_TH1_TCN_ReadXLSX keyword nulljava.lang.AssertionError: Fail ________ Error while executing mT1_TH1_TCN_ReadXLSX keyword null
	at com.twelvetwenty.base.CustomVerification.fail(CustomVerification.java:101)
	at com.twelvetwenty.base.CustomVerification.checkForVerificationErrors(CustomVerification.java:96)
	at com.twelvetwenty.suite.nace_reports.Service_Organization.test_Service_Organization(Service_Organization.java:198)
... Removed 25 stack frames]]>
    </failure>
  </testcase> <!-- test_Service_Organization on [Service_Organization passed=0 failed=0 skipped=0] -->
  <testcase name="test_Service_Organization on [Service_Organization passed=0 failed=0 skipped=0]" time="88.996" classname="com.twelvetwenty.suite.nace_reports.Service_Organization"/>
  <testcase name="test_Service_Organization on [Service_Organization passed=0 failed=0 skipped=0]" time="93.193" classname="com.twelvetwenty.suite.nace_reports.Service_Organization"/>
  <testcase name="test_Service_Organization on [Service_Organization passed=0 failed=0 skipped=0]" time="125.121" classname="com.twelvetwenty.suite.nace_reports.Service_Organization"/>
  <testcase name="test_Service_Organization on [Service_Organization passed=0 failed=0 skipped=0]" time="100.336" classname="com.twelvetwenty.suite.nace_reports.Service_Organization">
    <failure type="java.lang.AssertionError" message="java.lang.AssertionError: Error while executing mT1_TH1_TCN_ReadXLSX keyword Fail ________ Error while executing mT1_TH1_TCN_ReadXLSX keyword nulljava.lang.AssertionError: Fail ________ Error while executing mT1_TH1_TCN_ReadXLSX keyword Fail ________ Error while executing mT1_TH1_TCN_ReadXLSX keyword null">
      <![CDATA[java.lang.AssertionError: java.lang.AssertionError: Error while executing mT1_TH1_TCN_ReadXLSX keyword Fail ________ Error while executing mT1_TH1_TCN_ReadXLSX keyword nulljava.lang.AssertionError: Fail ________ Error while executing mT1_TH1_TCN_ReadXLSX keyword Fail ________ Error while executing mT1_TH1_TCN_ReadXLSX keyword null
	at com.twelvetwenty.base.CustomVerification.fail(CustomVerification.java:101)
	at com.twelvetwenty.base.CustomVerification.checkForVerificationErrors(CustomVerification.java:96)
	at com.twelvetwenty.suite.nace_reports.Service_Organization.test_Service_Organization(Service_Organization.java:198)
... Removed 25 stack frames]]>
    </failure>
  </testcase> <!-- test_Service_Organization on [Service_Organization passed=0 failed=0 skipped=0] -->
  <testcase name="test_Service_Organization on [Service_Organization passed=0 failed=0 skipped=0]" time="114.682" classname="com.twelvetwenty.suite.nace_reports.Service_Organization"/>
  <testcase name="test_Service_Organization on [Service_Organization passed=0 failed=0 skipped=0]" time="132.064" classname="com.twelvetwenty.suite.nace_reports.Service_Organization"/>
  <testcase name="test_Service_Organization on [Service_Organization passed=0 failed=0 skipped=0]" time="177.495" classname="com.twelvetwenty.suite.nace_reports.Service_Organization"/>
  <testcase name="test_Service_Organization on [Service_Organization passed=0 failed=0 skipped=0]" time="191.74" classname="com.twelvetwenty.suite.nace_reports.Service_Organization"/>
  <testcase name="test_Summary on [Summary passed=0 failed=0 skipped=0]" time="277.031" classname="com.twelvetwenty.suite.nace_reports.Summary"/>
  <testcase name="test_Summary on [Summary passed=0 failed=0 skipped=0]" time="0.084" classname="com.twelvetwenty.suite.nace_reports.Summary">
    <skipped/>
  </testcase> <!-- test_Summary on [Summary passed=0 failed=0 skipped=0] -->
  <testcase name="test_Summary on [Summary passed=0 failed=0 skipped=0]" time="1.043" classname="com.twelvetwenty.suite.nace_reports.Summary">
    <skipped/>
  </testcase> <!-- test_Summary on [Summary passed=0 failed=0 skipped=0] -->
  <testcase name="test_Summary on [Summary passed=0 failed=0 skipped=0]" time="1.052" classname="com.twelvetwenty.suite.nace_reports.Summary">
    <skipped/>
  </testcase> <!-- test_Summary on [Summary passed=0 failed=0 skipped=0] -->
  <testcase name="test_Summary on [Summary passed=0 failed=0 skipped=0]" time="1.035" classname="com.twelvetwenty.suite.nace_reports.Summary">
    <skipped/>
  </testcase> <!-- test_Summary on [Summary passed=0 failed=0 skipped=0] -->
  <testcase name="test_Summary on [Summary passed=0 failed=0 skipped=0]" time="1.034" classname="com.twelvetwenty.suite.nace_reports.Summary">
    <skipped/>
  </testcase> <!-- test_Summary on [Summary passed=0 failed=0 skipped=0] -->
  <testcase name="test_Summary on [Summary passed=0 failed=0 skipped=0]" time="1.027" classname="com.twelvetwenty.suite.nace_reports.Summary">
    <skipped/>
  </testcase> <!-- test_Summary on [Summary passed=0 failed=0 skipped=0] -->
  <testcase name="test_Summary on [Summary passed=0 failed=0 skipped=0]" time="1.109" classname="com.twelvetwenty.suite.nace_reports.Summary">
    <skipped/>
  </testcase> <!-- test_Summary on [Summary passed=0 failed=0 skipped=0] -->
  <testcase name="test_Summary on [Summary passed=0 failed=0 skipped=0]" time="828.841" classname="com.twelvetwenty.suite.nace_reports.Summary"/>
  <testcase name="test_Summary on [Summary passed=0 failed=0 skipped=0]" time="864.243" classname="com.twelvetwenty.suite.nace_reports.Summary"/>
</testsuite> <!-- NACE_Reports -->
