<?xml version="1.0" encoding="UTF-8"?>
<!-- Generated by org.testng.reporters.JUnitXMLReporter -->
<testsuite hostname="tflaptop-40-PC" name="ABA_Reports" tests="20" failures="0" timestamp="11 Jun 2015 15:22:53 GMT" time="1219.798" errors="0">
  <testcase name="test_Employment_Location on [Employment_Location passed=0 failed=0 skipped=0]" time="57.976" classname="com.twelvetwenty.suite.aba_reports.Employment_Location"/>
  <testcase name="test_Employment_Location on [Employment_Location passed=0 failed=0 skipped=0]" time="63.308" classname="com.twelvetwenty.suite.aba_reports.Employment_Location"/>
  <testcase name="test_Employment_Location on [Employment_Location passed=0 failed=0 skipped=0]" time="58.344" classname="com.twelvetwenty.suite.aba_reports.Employment_Location"/>
  <testcase name="test_Employment_Location on [Employment_Location passed=0 failed=0 skipped=0]" time="56.263" classname="com.twelvetwenty.suite.aba_reports.Employment_Location"/>
  <testcase name="test_Employment_Location on [Employment_Location passed=0 failed=0 skipped=0]" time="50.013" classname="com.twelvetwenty.suite.aba_reports.Employment_Location"/>
  <testcase name="test_Employment_Status on [Employment_Status passed=0 failed=0 skipped=0]" time="54.236" classname="com.twelvetwenty.suite.aba_reports.Employment_Status"/>
  <testcase name="test_Employment_Status on [Employment_Status passed=0 failed=0 skipped=0]" time="73.105" classname="com.twelvetwenty.suite.aba_reports.Employment_Status"/>
  <testcase name="test_Employment_Status on [Employment_Status passed=0 failed=0 skipped=0]" time="64.644" classname="com.twelvetwenty.suite.aba_reports.Employment_Status"/>
  <testcase name="test_Employment_Status on [Employment_Status passed=0 failed=0 skipped=0]" time="61.76" classname="com.twelvetwenty.suite.aba_reports.Employment_Status"/>
  <testcase name="test_Employment_Status on [Employment_Status passed=0 failed=0 skipped=0]" time="65.941" classname="com.twelvetwenty.suite.aba_reports.Employment_Status"/>
  <testcase name="test_Employment_Type on [Employment_Type passed=0 failed=0 skipped=0]" time="62.441" classname="com.twelvetwenty.suite.aba_reports.Employment_Type"/>
  <testcase name="test_Employment_Type on [Employment_Type passed=0 failed=0 skipped=0]" time="63.328" classname="com.twelvetwenty.suite.aba_reports.Employment_Type"/>
  <testcase name="test_Employment_Type on [Employment_Type passed=0 failed=0 skipped=0]" time="60.695" classname="com.twelvetwenty.suite.aba_reports.Employment_Type"/>
  <testcase name="test_Employment_Type on [Employment_Type passed=0 failed=0 skipped=0]" time="58.626" classname="com.twelvetwenty.suite.aba_reports.Employment_Type"/>
  <testcase name="test_Employment_Type on [Employment_Type passed=0 failed=0 skipped=0]" time="60.147" classname="com.twelvetwenty.suite.aba_reports.Employment_Type"/>
  <testcase name="test_Law_School_or_UFP on [Law_School_or_UFP passed=0 failed=0 skipped=0]" time="59.707" classname="com.twelvetwenty.suite.aba_reports.Law_School_or_UFP"/>
  <testcase name="test_Law_School_or_UFP on [Law_School_or_UFP passed=0 failed=0 skipped=0]" time="60.805" classname="com.twelvetwenty.suite.aba_reports.Law_School_or_UFP"/>
  <testcase name="test_Law_School_or_UFP on [Law_School_or_UFP passed=0 failed=0 skipped=0]" time="66.467" classname="com.twelvetwenty.suite.aba_reports.Law_School_or_UFP"/>
  <testcase name="test_Law_School_or_UFP on [Law_School_or_UFP passed=0 failed=0 skipped=0]" time="58.717" classname="com.twelvetwenty.suite.aba_reports.Law_School_or_UFP"/>
  <testcase name="test_Law_School_or_UFP on [Law_School_or_UFP passed=0 failed=0 skipped=0]" time="57.343" classname="com.twelvetwenty.suite.aba_reports.Law_School_or_UFP"/>
</testsuite> <!-- ABA_Reports -->
